# JRE version: Java(TM) SE Runtime Environment (7.0_45-b18) (build 1.7.0_45-b18)
# Java VM: Java HotSpot(TM) 64-Bit Server VM (24.45-b08 mixed mode windows-amd64 compressed oops)
Heap
 PSYoungGen      total 36352K, used 2945K [0x00000007d5c00000, 0x00000007d8580000, 0x0000000800000000)
  eden space 31232K, 6% used [0x00000007d5c00000,0x00000007d5e14ed0,0x00000007d7a80000)
  from space 5120K, 15% used [0x00000007d8080000,0x00000007d814b890,0x00000007d8580000)
  to   space 5632K, 0% used [0x00000007d7a80000,0x00000007d7a80000,0x00000007d8000000)
 ParOldGen       total 86528K, used 1994K [0x0000000781400000, 0x0000000786880000, 0x00000007d5c00000)
  object space 86528K, 2% used [0x0000000781400000,0x00000007815f2ba0,0x0000000786880000)
 PSPermGen       total 21504K, used 9707K [0x000000077c200000, 0x000000077d700000, 0x0000000781400000)
  object space 21504K, 45% used [0x000000077c200000,0x000000077cb7aff8,0x000000077d700000)
GC Heap History (10 events):
Event: 28.961 GC heap before
{Heap before GC invocations=4 (full 0):
 PSYoungGen      total 38400K, used 35964K [0x00000007d5c00000, 0x00000007d8680000, 0x0000000800000000)
  eden space 33280K, 100% used [0x00000007d5c00000,0x00000007d7c80000,0x00000007d7c80000)
  from space 5120K, 52% used [0x00000007d7c80000,0x00000007d7f1f150,0x00000007d8180000)
  to   space 5120K, 0% used [0x00000007d8180000,0x00000007d8180000,0x00000007d8680000)
 ParOldGen       total 86528K, used 289K [0x0000000781400000, 0x0000000786880000, 0x00000007d5c00000)
  object space 86528K, 0% used [0x0000000781400000,0x0000000781448418,0x0000000786880000)
 PSPermGen       total 21504K, used 9641K [0x000000077c200000, 0x000000077d700000, 0x0000000781400000)
  object space 21504K, 44% used [0x000000077c200000,0x000000077cb6a550,0x000000077d700000)
Event: 28.967 GC heap after
Heap after GC invocations=4 (full 0):
 PSYoungGen      total 38400K, used 3212K [0x00000007d5c00000, 0x00000007d8680000, 0x0000000800000000)
  eden space 33280K, 0% used [0x00000007d5c00000,0x00000007d5c00000,0x00000007d7c80000)
  from space 5120K, 62% used [0x00000007d8180000,0x00000007d84a3140,0x00000007d8680000)
  to   space 5120K, 0% used [0x00000007d7c80000,0x00000007d7c80000,0x00000007d8180000)
 ParOldGen       total 86528K, used 297K [0x0000000781400000, 0x0000000786880000, 0x00000007d5c00000)
  object space 86528K, 0% used [0x0000000781400000,0x000000078144a418,0x0000000786880000)
 PSPermGen       total 21504K, used 9641K [0x000000077c200000, 0x000000077d700000, 0x0000000781400000)
  object space 21504K, 44% used [0x000000077c200000,0x000000077cb6a550,0x000000077d700000)
}
Event: 36.006 GC heap before
{Heap before GC invocations=5 (full 0):
 PSYoungGen      total 38400K, used 36492K [0x00000007d5c00000, 0x00000007d8680000, 0x0000000800000000)
  eden space 33280K, 100% used [0x00000007d5c00000,0x00000007d7c80000,0x00000007d7c80000)
  from space 5120K, 62% used [0x00000007d8180000,0x00000007d84a3140,0x00000007d8680000)
  to   space 5120K, 0% used [0x00000007d7c80000,0x00000007d7c80000,0x00000007d8180000)
 ParOldGen       total 86528K, used 297K [0x0000000781400000, 0x0000000786880000, 0x00000007d5c00000)
  object space 86528K, 0% used [0x0000000781400000,0x000000078144a418,0x0000000786880000)
 PSPermGen       total 21504K, used 9661K [0x000000077c200000, 0x000000077d700000, 0x0000000781400000)
  object space 21504K, 44% used [0x000000077c200000,0x000000077cb6f740,0x000000077d700000)
Event: 36.009 GC heap after
Heap after GC invocations=5 (full 0):
 PSYoungGen      total 36864K, used 3597K [0x00000007d5c00000, 0x00000007d8600000, 0x0000000800000000)
  eden space 32768K, 0% used [0x00000007d5c00000,0x00000007d5c00000,0x00000007d7c00000)
  from space 4096K, 87% used [0x00000007d7c80000,0x00000007d8003440,0x00000007d8080000)
  to   space 5120K, 0% used [0x00000007d8100000,0x00000007d8100000,0x00000007d8600000)
 ParOldGen       total 86528K, used 305K [0x0000000781400000, 0x0000000786880000, 0x00000007d5c00000)
  object space 86528K, 0% used [0x0000000781400000,0x000000078144c418,0x0000000786880000)
 PSPermGen       total 21504K, used 9661K [0x000000077c200000, 0x000000077d700000, 0x0000000781400000)
  object space 21504K, 44% used [0x000000077c200000,0x000000077cb6f740,0x000000077d700000)
}
Event: 41.683 GC heap before
{Heap before GC invocations=6 (full 0):
 PSYoungGen      total 36864K, used 36365K [0x00000007d5c00000, 0x00000007d8600000, 0x0000000800000000)
  eden space 32768K, 100% used [0x00000007d5c00000,0x00000007d7c00000,0x00000007d7c00000)
  from space 4096K, 87% used [0x00000007d7c80000,0x00000007d8003440,0x00000007d8080000)
  to   space 5120K, 0% used [0x00000007d8100000,0x00000007d8100000,0x00000007d8600000)
 ParOldGen       total 86528K, used 305K [0x0000000781400000, 0x0000000786880000, 0x00000007d5c00000)
  object space 86528K, 0% used [0x0000000781400000,0x000000078144c418,0x0000000786880000)
 PSPermGen       total 21504K, used 9677K [0x000000077c200000, 0x000000077d700000, 0x0000000781400000)
  object space 21504K, 45% used [0x000000077c200000,0x000000077cb734f8,0x000000077d700000)
Event: 41.686 GC heap after
Heap after GC invocations=6 (full 0):
 PSYoungGen      total 36864K, used 2365K [0x00000007d5c00000, 0x00000007d8580000, 0x0000000800000000)
  eden space 32256K, 0% used [0x00000007d5c00000,0x00000007d5c00000,0x00000007d7b80000)
  from space 4608K, 51% used [0x00000007d8100000,0x00000007d834f450,0x00000007d8580000)
  to   space 5120K, 0% used [0x00000007d7b80000,0x00000007d7b80000,0x00000007d8080000)
 ParOldGen       total 86528K, used 305K [0x0000000781400000, 0x0000000786880000, 0x00000007d5c00000)
  object space 86528K, 0% used [0x0000000781400000,0x000000078144c418,0x0000000786880000)
 PSPermGen       total 21504K, used 9677K [0x000000077c200000, 0x000000077d700000, 0x0000000781400000)
  object space 21504K, 45% used [0x000000077c200000,0x000000077cb734f8,0x000000077d700000)
}
Event: 49.206 GC heap before
{Heap before GC invocations=7 (full 0):
 PSYoungGen      total 36864K, used 34621K [0x00000007d5c00000, 0x00000007d8580000, 0x0000000800000000)
  eden space 32256K, 100% used [0x00000007d5c00000,0x00000007d7b80000,0x00000007d7b80000)
  from space 4608K, 51% used [0x00000007d8100000,0x00000007d834f450,0x00000007d8580000)
  to   space 5120K, 0% used [0x00000007d7b80000,0x00000007d7b80000,0x00000007d8080000)
 ParOldGen       total 86528K, used 305K [0x0000000781400000, 0x0000000786880000, 0x00000007d5c00000)
  object space 86528K, 0% used [0x0000000781400000,0x000000078144c418,0x0000000786880000)
 PSPermGen       total 21504K, used 9693K [0x000000077c200000, 0x000000077d700000, 0x0000000781400000)
  object space 21504K, 45% used [0x000000077c200000,0x000000077cb77520,0x000000077d700000)
Event: 49.214 GC heap after
Heap after GC invocations=7 (full 0):
 PSYoungGen      total 36864K, used 942K [0x00000007d5c00000, 0x00000007d8600000, 0x0000000800000000)
  eden space 31744K, 0% used [0x00000007d5c00000,0x00000007d5c00000,0x00000007d7b00000)
  from space 5120K, 18% used [0x00000007d7b80000,0x00000007d7c6b890,0x00000007d8080000)
  to   space 5632K, 0% used [0x00000007d8080000,0x00000007d8080000,0x00000007d8600000)
 ParOldGen       total 86528K, used 1808K [0x0000000781400000, 0x0000000786880000, 0x00000007d5c00000)
  object space 86528K, 2% used [0x0000000781400000,0x00000007815c4160,0x0000000786880000)
 PSPermGen       total 21504K, used 9693K [0x000000077c200000, 0x000000077d700000, 0x0000000781400000)
  object space 21504K, 45% used [0x000000077c200000,0x000000077cb77520,0x000000077d700000)
}
Event: 54.989 GC heap before
{Heap before GC invocations=8 (full 0):
 PSYoungGen      total 36864K, used 32686K [0x00000007d5c00000, 0x00000007d8600000, 0x0000000800000000)
  eden space 31744K, 100% used [0x00000007d5c00000,0x00000007d7b00000,0x00000007d7b00000)
  from space 5120K, 18% used [0x00000007d7b80000,0x00000007d7c6b890,0x00000007d8080000)
  to   space 5632K, 0% used [0x00000007d8080000,0x00000007d8080000,0x00000007d8600000)
 ParOldGen       total 86528K, used 1808K [0x0000000781400000, 0x0000000786880000, 0x00000007d5c00000)
  object space 86528K, 2% used [0x0000000781400000,0x00000007815c4160,0x0000000786880000)
 PSPermGen       total 21504K, used 9705K [0x000000077c200000, 0x000000077d700000, 0x0000000781400000)
  object space 21504K, 45% used [0x000000077c200000,0x000000077cb7a740,0x000000077d700000)
Event: 54.991 GC heap after
Heap after GC invocations=8 (full 0):
 PSYoungGen      total 36352K, used 814K [0x00000007d5c00000, 0x00000007d8580000, 0x0000000800000000)
  eden space 31232K, 0% used [0x00000007d5c00000,0x00000007d5c00000,0x00000007d7a80000)
  from space 5120K, 15% used [0x00000007d8080000,0x00000007d814b890,0x00000007d8580000)
  to   space 5632K, 0% used [0x00000007d7a80000,0x00000007d7a80000,0x00000007d8000000)
 ParOldGen       total 86528K, used 1994K [0x0000000781400000, 0x0000000786880000, 0x00000007d5c00000)
  object space 86528K, 2% used [0x0000000781400000,0x00000007815f2ba0,0x0000000786880000)
 PSPermGen       total 21504K, used 9705K [0x000000077c200000, 0x000000077d700000, 0x0000000781400000)
  object space 21504K, 45% used [0x000000077c200000,0x000000077cb7a740,0x000000077d700000)
}

