# JRE version: Java(TM) SE Runtime Environment (7.0_45-b18) (build 1.7.0_45-b18)
# Java VM: Java HotSpot(TM) 64-Bit Server VM (24.45-b08 mixed mode windows-amd64 compressed oops)
Heap
 PSYoungGen      total 30720K, used 28611K [0x00000007d5c00000, 0x00000007d8400000, 0x0000000800000000)
  eden space 29696K, 93% used [0x00000007d5c00000,0x00000007d76fd830,0x00000007d7900000)
  from space 1024K, 95% used [0x00000007d7980000,0x00000007d7a736c0,0x00000007d7a80000)
  to   space 5632K, 0% used [0x00000007d7e80000,0x00000007d7e80000,0x00000007d8400000)
 ParOldGen       total 86528K, used 2645K [0x0000000781400000, 0x0000000786880000, 0x00000007d5c00000)
  object space 86528K, 3% used [0x0000000781400000,0x0000000781695580,0x0000000786880000)
 PSPermGen       total 21504K, used 9825K [0x000000077c200000, 0x000000077d700000, 0x0000000781400000)
  object space 21504K, 45% used [0x000000077c200000,0x000000077cb98438,0x000000077d700000)
GC Heap History (10 events):
Event: 205.507 GC heap before
{Heap before GC invocations=7 (full 0):
 PSYoungGen      total 36864K, used 34580K [0x00000007d5c00000, 0x00000007d8680000, 0x0000000800000000)
  eden space 32256K, 100% used [0x00000007d5c00000,0x00000007d7b80000,0x00000007d7b80000)
  from space 4608K, 50% used [0x00000007d8200000,0x00000007d8445140,0x00000007d8680000)
  to   space 5632K, 0% used [0x00000007d7b80000,0x00000007d7b80000,0x00000007d8100000)
 ParOldGen       total 86528K, used 591K [0x0000000781400000, 0x0000000786880000, 0x00000007d5c00000)
  object space 86528K, 0% used [0x0000000781400000,0x0000000781493e58,0x0000000786880000)
 PSPermGen       total 21504K, used 9786K [0x000000077c200000, 0x000000077d700000, 0x0000000781400000)
  object space 21504K, 45% used [0x000000077c200000,0x000000077cb8e940,0x000000077d700000)
Event: 205.514 GC heap after
Heap after GC invocations=7 (full 0):
 PSYoungGen      total 32768K, used 878K [0x00000007d5c00000, 0x00000007d8600000, 0x0000000800000000)
  eden space 31744K, 0% used [0x00000007d5c00000,0x00000007d5c00000,0x00000007d7b00000)
  from space 1024K, 85% used [0x00000007d7b80000,0x00000007d7c5b890,0x00000007d7c80000)
  to   space 5632K, 0% used [0x00000007d8080000,0x00000007d8080000,0x00000007d8600000)
 ParOldGen       total 86528K, used 2130K [0x0000000781400000, 0x0000000786880000, 0x00000007d5c00000)
  object space 86528K, 2% used [0x0000000781400000,0x0000000781614bc0,0x0000000786880000)
 PSPermGen       total 21504K, used 9786K [0x000000077c200000, 0x000000077d700000, 0x0000000781400000)
  object space 21504K, 45% used [0x000000077c200000,0x000000077cb8e940,0x000000077d700000)
}
Event: 249.383 GC heap before
{Heap before GC invocations=8 (full 0):
 PSYoungGen      total 32768K, used 32622K [0x00000007d5c00000, 0x00000007d8600000, 0x0000000800000000)
  eden space 31744K, 100% used [0x00000007d5c00000,0x00000007d7b00000,0x00000007d7b00000)
  from space 1024K, 85% used [0x00000007d7b80000,0x00000007d7c5b890,0x00000007d7c80000)
  to   space 5632K, 0% used [0x00000007d8080000,0x00000007d8080000,0x00000007d8600000)
 ParOldGen       total 86528K, used 2130K [0x0000000781400000, 0x0000000786880000, 0x00000007d5c00000)
  object space 86528K, 2% used [0x0000000781400000,0x0000000781614bc0,0x0000000786880000)
 PSPermGen       total 21504K, used 9789K [0x000000077c200000, 0x000000077d700000, 0x0000000781400000)
  object space 21504K, 45% used [0x000000077c200000,0x000000077cb8f4f8,0x000000077d700000)
Event: 249.386 GC heap after
Heap after GC invocations=8 (full 0):
 PSYoungGen      total 36352K, used 2350K [0x00000007d5c00000, 0x00000007d8580000, 0x0000000800000000)
  eden space 31232K, 0% used [0x00000007d5c00000,0x00000007d5c00000,0x00000007d7a80000)
  from space 5120K, 45% used [0x00000007d8080000,0x00000007d82cb8a0,0x00000007d8580000)
  to   space 5632K, 0% used [0x00000007d7a80000,0x00000007d7a80000,0x00000007d8000000)
 ParOldGen       total 86528K, used 2272K [0x0000000781400000, 0x0000000786880000, 0x00000007d5c00000)
  object space 86528K, 2% used [0x0000000781400000,0x00000007816380c0,0x0000000786880000)
 PSPermGen       total 21504K, used 9789K [0x000000077c200000, 0x000000077d700000, 0x0000000781400000)
  object space 21504K, 45% used [0x000000077c200000,0x000000077cb8f4f8,0x000000077d700000)
}
Event: 306.532 GC heap before
{Heap before GC invocations=9 (full 0):
 PSYoungGen      total 36352K, used 33582K [0x00000007d5c00000, 0x00000007d8580000, 0x0000000800000000)
  eden space 31232K, 100% used [0x00000007d5c00000,0x00000007d7a80000,0x00000007d7a80000)
  from space 5120K, 45% used [0x00000007d8080000,0x00000007d82cb8a0,0x00000007d8580000)
  to   space 5632K, 0% used [0x00000007d7a80000,0x00000007d7a80000,0x00000007d8000000)
 ParOldGen       total 86528K, used 2272K [0x0000000781400000, 0x0000000786880000, 0x00000007d5c00000)
  object space 86528K, 2% used [0x0000000781400000,0x00000007816380c0,0x0000000786880000)
 PSPermGen       total 21504K, used 9795K [0x000000077c200000, 0x000000077d700000, 0x0000000781400000)
  object space 21504K, 45% used [0x000000077c200000,0x000000077cb90f50,0x000000077d700000)
Event: 306.533 GC heap after
Heap after GC invocations=9 (full 0):
 PSYoungGen      total 32256K, used 1052K [0x00000007d5c00000, 0x00000007d8500000, 0x0000000800000000)
  eden space 30720K, 0% used [0x00000007d5c00000,0x00000007d5c00000,0x00000007d7a00000)
  from space 1536K, 68% used [0x00000007d7a80000,0x00000007d7b87120,0x00000007d7c00000)
  to   space 5632K, 0% used [0x00000007d7f80000,0x00000007d7f80000,0x00000007d8500000)
 ParOldGen       total 86528K, used 2381K [0x0000000781400000, 0x0000000786880000, 0x00000007d5c00000)
  object space 86528K, 2% used [0x0000000781400000,0x00000007816535c0,0x0000000786880000)
 PSPermGen       total 21504K, used 9795K [0x000000077c200000, 0x000000077d700000, 0x0000000781400000)
  object space 21504K, 45% used [0x000000077c200000,0x000000077cb90f50,0x000000077d700000)
}
Event: 352.479 GC heap before
{Heap before GC invocations=10 (full 0):
 PSYoungGen      total 32256K, used 31772K [0x00000007d5c00000, 0x00000007d8500000, 0x0000000800000000)
  eden space 30720K, 100% used [0x00000007d5c00000,0x00000007d7a00000,0x00000007d7a00000)
  from space 1536K, 68% used [0x00000007d7a80000,0x00000007d7b87120,0x00000007d7c00000)
  to   space 5632K, 0% used [0x00000007d7f80000,0x00000007d7f80000,0x00000007d8500000)
 ParOldGen       total 86528K, used 2381K [0x0000000781400000, 0x0000000786880000, 0x00000007d5c00000)
  object space 86528K, 2% used [0x0000000781400000,0x00000007816535c0,0x0000000786880000)
 PSPermGen       total 21504K, used 9801K [0x000000077c200000, 0x000000077d700000, 0x0000000781400000)
  object space 21504K, 45% used [0x000000077c200000,0x000000077cb924f8,0x000000077d700000)
Event: 352.480 GC heap after
Heap after GC invocations=10 (full 0):
 PSYoungGen      total 35328K, used 686K [0x00000007d5c00000, 0x00000007d8480000, 0x0000000800000000)
  eden space 30208K, 0% used [0x00000007d5c00000,0x00000007d5c00000,0x00000007d7980000)
  from space 5120K, 13% used [0x00000007d7f80000,0x00000007d802b890,0x00000007d8480000)
  to   space 5632K, 0% used [0x00000007d7980000,0x00000007d7980000,0x00000007d7f00000)
 ParOldGen       total 86528K, used 2528K [0x0000000781400000, 0x0000000786880000, 0x00000007d5c00000)
  object space 86528K, 2% used [0x0000000781400000,0x0000000781678040,0x0000000786880000)
 PSPermGen       total 21504K, used 9801K [0x000000077c200000, 0x000000077d700000, 0x0000000781400000)
  object space 21504K, 45% used [0x000000077c200000,0x000000077cb924f8,0x000000077d700000)
}
Event: 412.262 GC heap before
{Heap before GC invocations=11 (full 0):
 PSYoungGen      total 35328K, used 30894K [0x00000007d5c00000, 0x00000007d8480000, 0x0000000800000000)
  eden space 30208K, 100% used [0x00000007d5c00000,0x00000007d7980000,0x00000007d7980000)
  from space 5120K, 13% used [0x00000007d7f80000,0x00000007d802b890,0x00000007d8480000)
  to   space 5632K, 0% used [0x00000007d7980000,0x00000007d7980000,0x00000007d7f00000)
 ParOldGen       total 86528K, used 2528K [0x0000000781400000, 0x0000000786880000, 0x00000007d5c00000)
  object space 86528K, 2% used [0x0000000781400000,0x0000000781678040,0x0000000786880000)
 PSPermGen       total 21504K, used 9816K [0x000000077c200000, 0x000000077d700000, 0x0000000781400000)
  object space 21504K, 45% used [0x000000077c200000,0x000000077cb96360,0x000000077d700000)
Event: 412.263 GC heap after
Heap after GC invocations=11 (full 0):
 PSYoungGen      total 30720K, used 973K [0x00000007d5c00000, 0x00000007d8400000, 0x0000000800000000)
  eden space 29696K, 0% used [0x00000007d5c00000,0x00000007d5c00000,0x00000007d7900000)
  from space 1024K, 95% used [0x00000007d7980000,0x00000007d7a736c0,0x00000007d7a80000)
  to   space 5632K, 0% used [0x00000007d7e80000,0x00000007d7e80000,0x00000007d8400000)
 ParOldGen       total 86528K, used 2645K [0x0000000781400000, 0x0000000786880000, 0x00000007d5c00000)
  object space 86528K, 3% used [0x0000000781400000,0x0000000781695580,0x0000000786880000)
 PSPermGen       total 21504K, used 9816K [0x000000077c200000, 0x000000077d700000, 0x0000000781400000)
  object space 21504K, 45% used [0x000000077c200000,0x000000077cb96360,0x000000077d700000)
}

