# JRE version: Java(TM) SE Runtime Environment (7.0_45-b18) (build 1.7.0_45-b18)
# Java VM: Java HotSpot(TM) 64-Bit Server VM (24.45-b08 mixed mode windows-amd64 compressed oops)
Heap
 PSYoungGen      total 31232K, used 14666K [0x00000007d5c00000, 0x00000007d7f80000, 0x0000000800000000)
  eden space 27136K, 53% used [0x00000007d5c00000,0x00000007d6a3a918,0x00000007d7680000)
  from space 4096K, 2% used [0x00000007d7b80000,0x00000007d7b98000,0x00000007d7f80000)
  to   space 4608K, 0% used [0x00000007d7680000,0x00000007d7680000,0x00000007d7b00000)
 ParOldGen       total 86528K, used 3958K [0x0000000781400000, 0x0000000786880000, 0x00000007d5c00000)
  object space 86528K, 4% used [0x0000000781400000,0x00000007817dda68,0x0000000786880000)
 PSPermGen       total 21504K, used 9836K [0x000000077c200000, 0x000000077d700000, 0x0000000781400000)
  object space 21504K, 45% used [0x000000077c200000,0x000000077cb9b240,0x000000077d700000)
GC Heap History (10 events):
Event: 566.678 GC heap before
{Heap before GC invocations=12 (full 0):
 PSYoungGen      total 30720K, used 30286K [0x00000007d5c00000, 0x00000007d8400000, 0x0000000800000000)
  eden space 29696K, 100% used [0x00000007d5c00000,0x00000007d7900000,0x00000007d7900000)
  from space 1024K, 57% used [0x00000007d7980000,0x00000007d7a13890,0x00000007d7a80000)
  to   space 5632K, 0% used [0x00000007d7e80000,0x00000007d7e80000,0x00000007d8400000)
 ParOldGen       total 86528K, used 2597K [0x0000000781400000, 0x0000000786880000, 0x00000007d5c00000)
  object space 86528K, 3% used [0x0000000781400000,0x0000000781689660,0x0000000786880000)
 PSPermGen       total 21504K, used 9805K [0x000000077c200000, 0x000000077d700000, 0x0000000781400000)
  object space 21504K, 45% used [0x000000077c200000,0x000000077cb93648,0x000000077d700000)
Event: 566.680 GC heap after
Heap after GC invocations=12 (full 0):
 PSYoungGen      total 33280K, used 1774K [0x00000007d5c00000, 0x00000007d8280000, 0x0000000800000000)
  eden space 29184K, 0% used [0x00000007d5c00000,0x00000007d5c00000,0x00000007d7880000)
  from space 4096K, 43% used [0x00000007d7e80000,0x00000007d803b8a0,0x00000007d8280000)
  to   space 5120K, 0% used [0x00000007d7880000,0x00000007d7880000,0x00000007d7d80000)
 ParOldGen       total 86528K, used 2642K [0x0000000781400000, 0x0000000786880000, 0x00000007d5c00000)
  object space 86528K, 3% used [0x0000000781400000,0x0000000781694ba0,0x0000000786880000)
 PSPermGen       total 21504K, used 9805K [0x000000077c200000, 0x000000077d700000, 0x0000000781400000)
  object space 21504K, 45% used [0x000000077c200000,0x000000077cb93648,0x000000077d700000)
}
Event: 613.253 GC heap before
{Heap before GC invocations=13 (full 0):
 PSYoungGen      total 33280K, used 30958K [0x00000007d5c00000, 0x00000007d8280000, 0x0000000800000000)
  eden space 29184K, 100% used [0x00000007d5c00000,0x00000007d7880000,0x00000007d7880000)
  from space 4096K, 43% used [0x00000007d7e80000,0x00000007d803b8a0,0x00000007d8280000)
  to   space 5120K, 0% used [0x00000007d7880000,0x00000007d7880000,0x00000007d7d80000)
 ParOldGen       total 86528K, used 2642K [0x0000000781400000, 0x0000000786880000, 0x00000007d5c00000)
  object space 86528K, 3% used [0x0000000781400000,0x0000000781694ba0,0x0000000786880000)
 PSPermGen       total 21504K, used 9811K [0x000000077c200000, 0x000000077d700000, 0x0000000781400000)
  object space 21504K, 45% used [0x000000077c200000,0x000000077cb94d10,0x000000077d700000)
Event: 613.255 GC heap after
Heap after GC invocations=13 (full 0):
 PSYoungGen      total 29696K, used 909K [0x00000007d5c00000, 0x00000007d8200000, 0x0000000800000000)
  eden space 28672K, 0% used [0x00000007d5c00000,0x00000007d5c00000,0x00000007d7800000)
  from space 1024K, 88% used [0x00000007d7880000,0x00000007d79636c0,0x00000007d7980000)
  to   space 5120K, 0% used [0x00000007d7d00000,0x00000007d7d00000,0x00000007d8200000)
 ParOldGen       total 86528K, used 2725K [0x0000000781400000, 0x0000000786880000, 0x00000007d5c00000)
  object space 86528K, 3% used [0x0000000781400000,0x00000007816a9620,0x0000000786880000)
 PSPermGen       total 21504K, used 9811K [0x000000077c200000, 0x000000077d700000, 0x0000000781400000)
  object space 21504K, 45% used [0x000000077c200000,0x000000077cb94d10,0x000000077d700000)
}
Event: 666.952 GC heap before
{Heap before GC invocations=14 (full 0):
 PSYoungGen      total 29696K, used 29581K [0x00000007d5c00000, 0x00000007d8200000, 0x0000000800000000)
  eden space 28672K, 100% used [0x00000007d5c00000,0x00000007d7800000,0x00000007d7800000)
  from space 1024K, 88% used [0x00000007d7880000,0x00000007d79636c0,0x00000007d7980000)
  to   space 5120K, 0% used [0x00000007d7d00000,0x00000007d7d00000,0x00000007d8200000)
 ParOldGen       total 86528K, used 2725K [0x0000000781400000, 0x0000000786880000, 0x00000007d5c00000)
  object space 86528K, 3% used [0x0000000781400000,0x00000007816a9620,0x0000000786880000)
 PSPermGen       total 21504K, used 9822K [0x000000077c200000, 0x000000077d700000, 0x0000000781400000)
  object space 21504K, 45% used [0x000000077c200000,0x000000077cb97828,0x000000077d700000)
Event: 666.954 GC heap after
Heap after GC invocations=14 (full 0):
 PSYoungGen      total 31744K, used 1902K [0x00000007d5c00000, 0x00000007d8080000, 0x0000000800000000)
  eden space 28160K, 0% used [0x00000007d5c00000,0x00000007d5c00000,0x00000007d7780000)
  from space 3584K, 53% used [0x00000007d7d00000,0x00000007d7edb8a0,0x00000007d8080000)
  to   space 4608K, 0% used [0x00000007d7780000,0x00000007d7780000,0x00000007d7c00000)
 ParOldGen       total 86528K, used 3102K [0x0000000781400000, 0x0000000786880000, 0x00000007d5c00000)
  object space 86528K, 3% used [0x0000000781400000,0x0000000781707930,0x0000000786880000)
 PSPermGen       total 21504K, used 9822K [0x000000077c200000, 0x000000077d700000, 0x0000000781400000)
  object space 21504K, 45% used [0x000000077c200000,0x000000077cb97828,0x000000077d700000)
}
Event: 711.314 GC heap before
{Heap before GC invocations=15 (full 0):
 PSYoungGen      total 31744K, used 30062K [0x00000007d5c00000, 0x00000007d8080000, 0x0000000800000000)
  eden space 28160K, 100% used [0x00000007d5c00000,0x00000007d7780000,0x00000007d7780000)
  from space 3584K, 53% used [0x00000007d7d00000,0x00000007d7edb8a0,0x00000007d8080000)
  to   space 4608K, 0% used [0x00000007d7780000,0x00000007d7780000,0x00000007d7c00000)
 ParOldGen       total 86528K, used 3102K [0x0000000781400000, 0x0000000786880000, 0x00000007d5c00000)
  object space 86528K, 3% used [0x0000000781400000,0x0000000781707930,0x0000000786880000)
 PSPermGen       total 21504K, used 9833K [0x000000077c200000, 0x000000077d700000, 0x0000000781400000)
  object space 21504K, 45% used [0x000000077c200000,0x000000077cb9a5a8,0x000000077d700000)
Event: 711.315 GC heap after
Heap after GC invocations=15 (full 0):
 PSYoungGen      total 28672K, used 924K [0x00000007d5c00000, 0x00000007d8000000, 0x0000000800000000)
  eden space 27648K, 0% used [0x00000007d5c00000,0x00000007d5c00000,0x00000007d7700000)
  from space 1024K, 90% used [0x00000007d7780000,0x00000007d7867120,0x00000007d7880000)
  to   space 4608K, 0% used [0x00000007d7b80000,0x00000007d7b80000,0x00000007d8000000)
 ParOldGen       total 86528K, used 3174K [0x0000000781400000, 0x0000000786880000, 0x00000007d5c00000)
  object space 86528K, 3% used [0x0000000781400000,0x0000000781719930,0x0000000786880000)
 PSPermGen       total 21504K, used 9833K [0x000000077c200000, 0x000000077d700000, 0x0000000781400000)
  object space 21504K, 45% used [0x000000077c200000,0x000000077cb9a5a8,0x000000077d700000)
}
Event: 835.278 GC heap before
{Heap before GC invocations=16 (full 0):
 PSYoungGen      total 28672K, used 28572K [0x00000007d5c00000, 0x00000007d8000000, 0x0000000800000000)
  eden space 27648K, 100% used [0x00000007d5c00000,0x00000007d7700000,0x00000007d7700000)
  from space 1024K, 90% used [0x00000007d7780000,0x00000007d7867120,0x00000007d7880000)
  to   space 4608K, 0% used [0x00000007d7b80000,0x00000007d7b80000,0x00000007d8000000)
 ParOldGen       total 86528K, used 3174K [0x0000000781400000, 0x0000000786880000, 0x00000007d5c00000)
  object space 86528K, 3% used [0x0000000781400000,0x0000000781719930,0x0000000786880000)
 PSPermGen       total 21504K, used 9834K [0x000000077c200000, 0x000000077d700000, 0x0000000781400000)
  object space 21504K, 45% used [0x000000077c200000,0x000000077cb9ab10,0x000000077d700000)
Event: 835.280 GC heap after
Heap after GC invocations=16 (full 0):
 PSYoungGen      total 31232K, used 96K [0x00000007d5c00000, 0x00000007d7f80000, 0x0000000800000000)
  eden space 27136K, 0% used [0x00000007d5c00000,0x00000007d5c00000,0x00000007d7680000)
  from space 4096K, 2% used [0x00000007d7b80000,0x00000007d7b98000,0x00000007d7f80000)
  to   space 4608K, 0% used [0x00000007d7680000,0x00000007d7680000,0x00000007d7b00000)
 ParOldGen       total 86528K, used 3958K [0x0000000781400000, 0x0000000786880000, 0x00000007d5c00000)
  object space 86528K, 4% used [0x0000000781400000,0x00000007817dda68,0x0000000786880000)
 PSPermGen       total 21504K, used 9834K [0x000000077c200000, 0x000000077d700000, 0x0000000781400000)
  object space 21504K, 45% used [0x000000077c200000,0x000000077cb9ab10,0x000000077d700000)
}

